2019-02-12 12:04:31,880 ERROR 5592 [-/::1/-/205ms GET /test] nodejs.ReferenceError: ctx is not defined
    at TestController.test (C:\Users\Administrator.USER-20161125ZU\Desktop\egg-example\app\controller\test.js:15:3)
    at process._tickCallback (internal/process/next_tick.js:68:7)

pid: 5592
hostname: pebbler

2019-02-12 17:12:03,411 ERROR 6976 [-/::1/-/6ms GET /test] nodejs.TypeError: Cannot destructure property `serverUrl` of 'undefined' or 'null'.
    at TestController.test (C:\Users\Administrator.USER-20161125ZU\Desktop\egg-example\app\controller\test.js:6:50)
    at Object.callFn (C:\Users\Administrator.USER-20161125ZU\Desktop\egg-example\node_modules\egg-core\lib\utils\index.js:44:21)
    at Object.classControllerMiddleware (C:\Users\Administrator.USER-20161125ZU\Desktop\egg-example\node_modules\egg-core\lib\loader\mixin\controller.js:87:20)
    at Object.callFn (C:\Users\Administrator.USER-20161125ZU\Desktop\egg-example\node_modules\@eggjs\router\lib\utils.js:12:21)
    at wrappedController (C:\Users\Administrator.USER-20161125ZU\Desktop\egg-example\node_modules\@eggjs\router\lib\egg_router.js:322:18)
    at dispatch (C:\Users\Administrator.USER-20161125ZU\Desktop\egg-example\node_modules\koa-compose\index.js:44:32)
    at next (C:\Users\Administrator.USER-20161125ZU\Desktop\egg-example\node_modules\koa-compose\index.js:45:18)
    at C:\Users\Administrator.USER-20161125ZU\Desktop\egg-example\node_modules\@eggjs\router\lib\router.js:343:16
    at dispatch (C:\Users\Administrator.USER-20161125ZU\Desktop\egg-example\node_modules\koa-compose\index.js:44:32)
    at C:\Users\Administrator.USER-20161125ZU\Desktop\egg-example\node_modules\koa-compose\index.js:36:12

pid: 6976
hostname: pebbler

2019-02-13 10:37:33,053 ERROR 7164 [-/127.0.0.1/-/2ms GET /api/posts/1] nodejs.TypeError: Cannot read property 'id' of undefined
    at Object.exports.show.ctx (C:\Users\Administrator.USER-20161125ZU\Desktop\egg-example\app\controller\posts\index.js:10:27)
    at Object.callFn (C:\Users\Administrator.USER-20161125ZU\Desktop\egg-example\node_modules\egg-core\lib\utils\index.js:44:21)
    at Object.objectControllerMiddleware (C:\Users\Administrator.USER-20161125ZU\Desktop\egg-example\node_modules\egg-core\lib\loader\mixin\controller.js:115:26)
    at Object.callFn (C:\Users\Administrator.USER-20161125ZU\Desktop\egg-example\node_modules\@eggjs\router\lib\utils.js:12:21)
    at wrappedController (C:\Users\Administrator.USER-20161125ZU\Desktop\egg-example\node_modules\@eggjs\router\lib\egg_router.js:322:18)
    at dispatch (C:\Users\Administrator.USER-20161125ZU\Desktop\egg-example\node_modules\koa-compose\index.js:44:32)
    at next (C:\Users\Administrator.USER-20161125ZU\Desktop\egg-example\node_modules\koa-compose\index.js:45:18)
    at C:\Users\Administrator.USER-20161125ZU\Desktop\egg-example\node_modules\@eggjs\router\lib\router.js:343:16
    at dispatch (C:\Users\Administrator.USER-20161125ZU\Desktop\egg-example\node_modules\koa-compose\index.js:44:32)
    at C:\Users\Administrator.USER-20161125ZU\Desktop\egg-example\node_modules\koa-compose\index.js:36:12

pid: 7164
hostname: pebbler

2019-02-19 16:22:25,435 ERROR 5488 [-/::1/-/2ms GET /httpClient/writeStream] nodejs.TypeError: fs.creaeWriteStream is not a function
    at AController.writeStream (C:\Users\Administrator.USER-20161125ZU\Desktop\egg-example\app\controller\httpClient.js:7:20)
    at Object.callFn (C:\Users\Administrator.USER-20161125ZU\Desktop\egg-example\node_modules\egg-core\lib\utils\index.js:44:21)
    at Object.classControllerMiddleware (C:\Users\Administrator.USER-20161125ZU\Desktop\egg-example\node_modules\egg-core\lib\loader\mixin\controller.js:87:20)
    at Object.callFn (C:\Users\Administrator.USER-20161125ZU\Desktop\egg-example\node_modules\@eggjs\router\lib\utils.js:12:21)
    at wrappedController (C:\Users\Administrator.USER-20161125ZU\Desktop\egg-example\node_modules\@eggjs\router\lib\egg_router.js:322:18)
    at dispatch (C:\Users\Administrator.USER-20161125ZU\Desktop\egg-example\node_modules\@eggjs\router\node_modules\koa-compose\index.js:44:32)
    at next (C:\Users\Administrator.USER-20161125ZU\Desktop\egg-example\node_modules\@eggjs\router\node_modules\koa-compose\index.js:45:18)
    at C:\Users\Administrator.USER-20161125ZU\Desktop\egg-example\node_modules\@eggjs\router\lib\router.js:190:18
    at dispatch (C:\Users\Administrator.USER-20161125ZU\Desktop\egg-example\node_modules\@eggjs\router\node_modules\koa-compose\index.js:44:32)
    at C:\Users\Administrator.USER-20161125ZU\Desktop\egg-example\node_modules\@eggjs\router\node_modules\koa-compose\index.js:36:12

pid: 5488
hostname: pebbler

2019-02-19 16:22:52,120 ERROR 5488 [-/::1/-/1ms GET /httpClient/writeStream] nodejs.TypeError: fs.creaeWriteStream is not a function
    at AController.writeStream (C:\Users\Administrator.USER-20161125ZU\Desktop\egg-example\app\controller\httpClient.js:7:20)
    at Object.callFn (C:\Users\Administrator.USER-20161125ZU\Desktop\egg-example\node_modules\egg-core\lib\utils\index.js:44:21)
    at Object.classControllerMiddleware (C:\Users\Administrator.USER-20161125ZU\Desktop\egg-example\node_modules\egg-core\lib\loader\mixin\controller.js:87:20)
    at Object.callFn (C:\Users\Administrator.USER-20161125ZU\Desktop\egg-example\node_modules\@eggjs\router\lib\utils.js:12:21)
    at wrappedController (C:\Users\Administrator.USER-20161125ZU\Desktop\egg-example\node_modules\@eggjs\router\lib\egg_router.js:322:18)
    at dispatch (C:\Users\Administrator.USER-20161125ZU\Desktop\egg-example\node_modules\@eggjs\router\node_modules\koa-compose\index.js:44:32)
    at next (C:\Users\Administrator.USER-20161125ZU\Desktop\egg-example\node_modules\@eggjs\router\node_modules\koa-compose\index.js:45:18)
    at C:\Users\Administrator.USER-20161125ZU\Desktop\egg-example\node_modules\@eggjs\router\lib\router.js:190:18
    at dispatch (C:\Users\Administrator.USER-20161125ZU\Desktop\egg-example\node_modules\@eggjs\router\node_modules\koa-compose\index.js:44:32)
    at C:\Users\Administrator.USER-20161125ZU\Desktop\egg-example\node_modules\@eggjs\router\node_modules\koa-compose\index.js:36:12

pid: 5488
hostname: pebbler

2019-02-21 09:22:45,885 ERROR 1760 [-/::1/-/155ms GET /test] nodejs.TypeError [ERR_INVALID_ARG_TYPE]: The "string" argument must be one of type string, Buffer, or ArrayBuffer. Received type undefined
    at Function.byteLength (buffer.js:515:11)
    at respond (C:\Users\Administrator.USER-20161125ZU\Desktop\egg-example\node_modules\koa\lib\application.js:245:25)
    at handleResponse (C:\Users\Administrator.USER-20161125ZU\Desktop\egg-example\node_modules\koa\lib\application.js:149:34)
    at process._tickCallback (internal/process/next_tick.js:68:7)

pid: 1760
hostname: pebbler

2019-02-21 09:23:33,568 ERROR 3876 [-/::1/-/215ms GET /test] nodejs.TypeError [ERR_INVALID_ARG_TYPE]: The "string" argument must be one of type string, Buffer, or ArrayBuffer. Received type undefined
    at Function.byteLength (buffer.js:515:11)
    at respond (C:\Users\Administrator.USER-20161125ZU\Desktop\egg-example\node_modules\koa\lib\application.js:245:25)
    at handleResponse (C:\Users\Administrator.USER-20161125ZU\Desktop\egg-example\node_modules\koa\lib\application.js:149:34)
    at process._tickCallback (internal/process/next_tick.js:68:7)

pid: 3876
hostname: pebbler

