2019-02-12 11:01:44,837 INFO 6384 [egg:logger] init all loggers with options: {"dir":"C:\\Users\\Administrator.USER-20161125ZU\\Desktop\\egg-example\\logs\\egg-example","encoding":"utf8","env":"local","level":"INFO","consoleLevel":"INFO","disableConsoleAfterReady":false,"outputJSON":false,"buffer":true,"appLogName":"egg-example-web.log","coreLogName":"egg-web.log","agentLogName":"egg-agent.log","errorLogName":"common-error.log","coreLogger":{"consoleLevel":"WARN"},"allowDebugAtProd":false,"type":"application"}
2019-02-12 11:01:44,886 INFO 6384 [egg-multipart] stream mode enable
2019-02-12 11:01:45,026 INFO 6384 [egg-static] starting static serve /public/ -> C:\Users\Administrator.USER-20161125ZU\Desktop\egg-example\app\public
2019-02-12 11:01:45,031 INFO 6384 [egg-security] use csrf middleware
2019-02-12 11:01:45,033 INFO 6384 [egg-security] use methodnoallow middleware
2019-02-12 11:01:45,034 INFO 6384 [egg-security] use noopen middleware
2019-02-12 11:01:45,035 INFO 6384 [egg-security] use nosniff middleware
2019-02-12 11:01:45,036 INFO 6384 [egg-security] use xssProtection middleware
2019-02-12 11:01:45,037 INFO 6384 [egg-security] use xframe middleware
2019-02-12 11:01:45,038 INFO 6384 [egg-security] use dta middleware
2019-02-12 11:01:45,038 INFO 6384 [egg-security] compose 7 middlewares into one security middleware
2019-02-12 11:01:45,052 INFO 6384 [egg:core] dump config after load, 7ms
2019-02-12 11:01:45,084 INFO 6384 [egg-watcher:application] watcher start success
2019-02-12 11:01:45,098 INFO 6384 [egg:core] dump config after ready, 6ms
2019-02-12 11:03:06,942 INFO 7036 [egg:logger] init all loggers with options: {"dir":"C:\\Users\\Administrator.USER-20161125ZU\\Desktop\\egg-example\\logs\\egg-example","encoding":"utf8","env":"local","level":"INFO","consoleLevel":"INFO","disableConsoleAfterReady":false,"outputJSON":false,"buffer":true,"appLogName":"egg-example-web.log","coreLogName":"egg-web.log","agentLogName":"egg-agent.log","errorLogName":"common-error.log","coreLogger":{"consoleLevel":"WARN"},"allowDebugAtProd":false,"type":"application"}
2019-02-12 11:03:07,004 INFO 7036 [egg-multipart] stream mode enable
2019-02-12 11:03:07,179 INFO 7036 [egg-static] starting static serve /public/ -> C:\Users\Administrator.USER-20161125ZU\Desktop\egg-example\app\public
2019-02-12 11:03:07,184 INFO 7036 [egg-security] use csrf middleware
2019-02-12 11:03:07,187 INFO 7036 [egg-security] use methodnoallow middleware
2019-02-12 11:03:07,188 INFO 7036 [egg-security] use noopen middleware
2019-02-12 11:03:07,191 INFO 7036 [egg-security] use nosniff middleware
2019-02-12 11:03:07,192 INFO 7036 [egg-security] use xssProtection middleware
2019-02-12 11:03:07,193 INFO 7036 [egg-security] use xframe middleware
2019-02-12 11:03:07,194 INFO 7036 [egg-security] use dta middleware
2019-02-12 11:03:07,194 INFO 7036 [egg-security] compose 7 middlewares into one security middleware
2019-02-12 11:03:07,214 INFO 7036 [egg:core] dump config after load, 10ms
2019-02-12 11:03:07,250 INFO 7036 [egg-watcher:application] watcher start success
2019-02-12 11:03:07,267 INFO 7036 [egg:core] dump config after ready, 9ms
2019-02-12 11:03:52,562 INFO 6744 [egg:logger] init all loggers with options: {"dir":"C:\\Users\\Administrator.USER-20161125ZU\\Desktop\\egg-example\\logs\\egg-example","encoding":"utf8","env":"local","level":"INFO","consoleLevel":"INFO","disableConsoleAfterReady":false,"outputJSON":false,"buffer":true,"appLogName":"egg-example-web.log","coreLogName":"egg-web.log","agentLogName":"egg-agent.log","errorLogName":"common-error.log","coreLogger":{"consoleLevel":"WARN"},"allowDebugAtProd":false,"type":"application"}
2019-02-12 11:03:52,622 INFO 6744 [egg-multipart] stream mode enable
2019-02-12 11:03:52,791 INFO 6744 [egg-static] starting static serve /public/ -> C:\Users\Administrator.USER-20161125ZU\Desktop\egg-example\app\public
2019-02-12 11:03:52,797 INFO 6744 [egg-security] use csrf middleware
2019-02-12 11:03:52,807 INFO 6744 [egg-security] use methodnoallow middleware
2019-02-12 11:03:52,809 INFO 6744 [egg-security] use noopen middleware
2019-02-12 11:03:52,811 INFO 6744 [egg-security] use nosniff middleware
2019-02-12 11:03:52,813 INFO 6744 [egg-security] use xssProtection middleware
2019-02-12 11:03:52,814 INFO 6744 [egg-security] use xframe middleware
2019-02-12 11:03:52,815 INFO 6744 [egg-security] use dta middleware
2019-02-12 11:03:52,815 INFO 6744 [egg-security] compose 7 middlewares into one security middleware
2019-02-12 11:03:52,835 INFO 6744 [egg:core] dump config after load, 8ms
2019-02-12 11:03:52,863 INFO 6744 [egg-watcher:application] watcher start success
2019-02-12 11:03:52,887 INFO 6744 [egg:core] dump config after ready, 12ms
2019-02-12 11:04:48,532 INFO 3168 [egg:logger] init all loggers with options: {"dir":"C:\\Users\\Administrator.USER-20161125ZU\\Desktop\\egg-example\\logs\\egg-example","encoding":"utf8","env":"local","level":"INFO","consoleLevel":"INFO","disableConsoleAfterReady":false,"outputJSON":false,"buffer":true,"appLogName":"egg-example-web.log","coreLogName":"egg-web.log","agentLogName":"egg-agent.log","errorLogName":"common-error.log","coreLogger":{"consoleLevel":"WARN"},"allowDebugAtProd":false,"type":"application"}
2019-02-12 11:04:48,599 INFO 3168 [egg-multipart] stream mode enable
2019-02-12 11:04:48,772 INFO 3168 [egg-static] starting static serve /public/ -> C:\Users\Administrator.USER-20161125ZU\Desktop\egg-example\app\public
2019-02-12 11:04:48,779 INFO 3168 [egg-security] use csrf middleware
2019-02-12 11:04:48,782 INFO 3168 [egg-security] use methodnoallow middleware
2019-02-12 11:04:48,784 INFO 3168 [egg-security] use noopen middleware
2019-02-12 11:04:48,786 INFO 3168 [egg-security] use nosniff middleware
2019-02-12 11:04:48,787 INFO 3168 [egg-security] use xssProtection middleware
2019-02-12 11:04:48,788 INFO 3168 [egg-security] use xframe middleware
2019-02-12 11:04:48,789 INFO 3168 [egg-security] use dta middleware
2019-02-12 11:04:48,789 INFO 3168 [egg-security] compose 7 middlewares into one security middleware
2019-02-12 11:04:48,811 INFO 3168 [egg:core] dump config after load, 12ms
2019-02-12 11:04:48,839 INFO 3168 [egg-watcher:application] watcher start success
2019-02-12 11:04:48,855 INFO 3168 [egg:core] dump config after ready, 7ms
2019-02-12 11:34:54,623 INFO 6096 [egg:logger] init all loggers with options: {"dir":"C:\\Users\\Administrator.USER-20161125ZU\\Desktop\\egg-example\\logs\\egg-example","encoding":"utf8","env":"local","level":"INFO","consoleLevel":"INFO","disableConsoleAfterReady":false,"outputJSON":false,"buffer":true,"appLogName":"egg-example-web.log","coreLogName":"egg-web.log","agentLogName":"egg-agent.log","errorLogName":"common-error.log","coreLogger":{"consoleLevel":"WARN"},"allowDebugAtProd":false,"type":"application"}
2019-02-12 11:34:54,672 INFO 6096 [egg-multipart] stream mode enable
2019-02-12 11:34:54,803 INFO 6096 [egg-static] starting static serve /public/ -> C:\Users\Administrator.USER-20161125ZU\Desktop\egg-example\app\public
2019-02-12 11:34:54,807 INFO 6096 [egg-security] use csrf middleware
2019-02-12 11:34:54,809 INFO 6096 [egg-security] use methodnoallow middleware
2019-02-12 11:34:54,810 INFO 6096 [egg-security] use noopen middleware
2019-02-12 11:34:54,812 INFO 6096 [egg-security] use nosniff middleware
2019-02-12 11:34:54,813 INFO 6096 [egg-security] use xssProtection middleware
2019-02-12 11:34:54,813 INFO 6096 [egg-security] use xframe middleware
2019-02-12 11:34:54,814 INFO 6096 [egg-security] use dta middleware
2019-02-12 11:34:54,814 INFO 6096 [egg-security] compose 7 middlewares into one security middleware
2019-02-12 11:34:54,830 INFO 6096 [egg:core] dump config after load, 7ms
2019-02-12 11:34:54,860 INFO 6096 [egg-watcher:application] watcher start success
2019-02-12 11:34:54,923 INFO 6096 [egg:core] dump config after ready, 8ms
2019-02-12 11:59:32,754 INFO 6268 [egg:logger] init all loggers with options: {"dir":"C:\\Users\\Administrator.USER-20161125ZU\\Desktop\\egg-example\\logs\\egg-example","encoding":"utf8","env":"local","level":"INFO","consoleLevel":"INFO","disableConsoleAfterReady":false,"outputJSON":false,"buffer":true,"appLogName":"egg-example-web.log","coreLogName":"egg-web.log","agentLogName":"egg-agent.log","errorLogName":"common-error.log","coreLogger":{"consoleLevel":"WARN"},"allowDebugAtProd":false,"type":"application"}
2019-02-12 11:59:32,801 INFO 6268 [egg-multipart] stream mode enable
2019-02-12 11:59:32,929 INFO 6268 [egg-static] starting static serve /public/ -> C:\Users\Administrator.USER-20161125ZU\Desktop\egg-example\app\public
2019-02-12 11:59:32,934 INFO 6268 [egg-security] use csrf middleware
2019-02-12 11:59:32,936 INFO 6268 [egg-security] use methodnoallow middleware
2019-02-12 11:59:32,936 INFO 6268 [egg-security] use noopen middleware
2019-02-12 11:59:32,938 INFO 6268 [egg-security] use nosniff middleware
2019-02-12 11:59:32,939 INFO 6268 [egg-security] use xssProtection middleware
2019-02-12 11:59:32,940 INFO 6268 [egg-security] use xframe middleware
2019-02-12 11:59:32,940 INFO 6268 [egg-security] use dta middleware
2019-02-12 11:59:32,941 INFO 6268 [egg-security] compose 7 middlewares into one security middleware
2019-02-12 11:59:32,955 INFO 6268 [egg:core] dump config after load, 6ms
2019-02-12 11:59:32,970 INFO 6268 [egg-watcher:application] watcher start success
2019-02-12 11:59:33,022 INFO 6268 [egg:core] dump config after ready, 47ms
2019-02-12 12:00:04,110 INFO 4032 [egg:logger] init all loggers with options: {"dir":"C:\\Users\\Administrator.USER-20161125ZU\\Desktop\\egg-example\\logs\\egg-example","encoding":"utf8","env":"local","level":"INFO","consoleLevel":"INFO","disableConsoleAfterReady":false,"outputJSON":false,"buffer":true,"appLogName":"egg-example-web.log","coreLogName":"egg-web.log","agentLogName":"egg-agent.log","errorLogName":"common-error.log","coreLogger":{"consoleLevel":"WARN"},"allowDebugAtProd":false,"type":"application"}
2019-02-12 12:00:04,158 INFO 4032 [egg-multipart] stream mode enable
2019-02-12 12:00:04,287 INFO 4032 [egg-static] starting static serve /public/ -> C:\Users\Administrator.USER-20161125ZU\Desktop\egg-example\app\public
2019-02-12 12:00:04,292 INFO 4032 [egg-security] use csrf middleware
2019-02-12 12:00:04,295 INFO 4032 [egg-security] use methodnoallow middleware
2019-02-12 12:00:04,295 INFO 4032 [egg-security] use noopen middleware
2019-02-12 12:00:04,297 INFO 4032 [egg-security] use nosniff middleware
2019-02-12 12:00:04,298 INFO 4032 [egg-security] use xssProtection middleware
2019-02-12 12:00:04,298 INFO 4032 [egg-security] use xframe middleware
2019-02-12 12:00:04,299 INFO 4032 [egg-security] use dta middleware
2019-02-12 12:00:04,299 INFO 4032 [egg-security] compose 7 middlewares into one security middleware
2019-02-12 12:00:04,314 INFO 4032 [egg:core] dump config after load, 7ms
2019-02-12 12:00:04,334 INFO 4032 [egg-watcher:application] watcher start success
2019-02-12 12:00:04,352 INFO 4032 [egg:core] dump config after ready, 11ms
2019-02-12 12:01:13,721 INFO 7164 [egg:logger] init all loggers with options: {"dir":"C:\\Users\\Administrator.USER-20161125ZU\\Desktop\\egg-example\\logs\\egg-example","encoding":"utf8","env":"local","level":"INFO","consoleLevel":"INFO","disableConsoleAfterReady":false,"outputJSON":false,"buffer":true,"appLogName":"egg-example-web.log","coreLogName":"egg-web.log","agentLogName":"egg-agent.log","errorLogName":"common-error.log","coreLogger":{"consoleLevel":"WARN"},"allowDebugAtProd":false,"type":"application"}
2019-02-12 12:01:13,770 INFO 7164 [egg-multipart] stream mode enable
2019-02-12 12:01:13,909 INFO 7164 [egg-static] starting static serve /public/ -> C:\Users\Administrator.USER-20161125ZU\Desktop\egg-example\app\public
2019-02-12 12:01:13,913 INFO 7164 [egg-security] use csrf middleware
2019-02-12 12:01:13,915 INFO 7164 [egg-security] use methodnoallow middleware
2019-02-12 12:01:13,916 INFO 7164 [egg-security] use noopen middleware
2019-02-12 12:01:13,918 INFO 7164 [egg-security] use nosniff middleware
2019-02-12 12:01:13,919 INFO 7164 [egg-security] use xssProtection middleware
2019-02-12 12:01:13,920 INFO 7164 [egg-security] use xframe middleware
2019-02-12 12:01:13,921 INFO 7164 [egg-security] use dta middleware
2019-02-12 12:01:13,921 INFO 7164 [egg-security] compose 7 middlewares into one security middleware
2019-02-12 12:01:13,937 INFO 7164 [egg:core] dump config after load, 8ms
2019-02-12 12:01:13,961 INFO 7164 [egg-watcher:application] watcher start success
2019-02-12 12:01:13,976 INFO 7164 [egg:core] dump config after ready, 6ms
2019-02-12 12:01:59,385 INFO 6576 [egg:logger] init all loggers with options: {"dir":"C:\\Users\\Administrator.USER-20161125ZU\\Desktop\\egg-example\\logs\\egg-example","encoding":"utf8","env":"local","level":"INFO","consoleLevel":"INFO","disableConsoleAfterReady":false,"outputJSON":false,"buffer":true,"appLogName":"egg-example-web.log","coreLogName":"egg-web.log","agentLogName":"egg-agent.log","errorLogName":"common-error.log","coreLogger":{"consoleLevel":"WARN"},"allowDebugAtProd":false,"type":"application"}
2019-02-12 12:01:59,451 INFO 6576 [egg-multipart] stream mode enable
2019-02-12 12:01:59,590 INFO 6576 [egg-static] starting static serve /public/ -> C:\Users\Administrator.USER-20161125ZU\Desktop\egg-example\app\public
2019-02-12 12:01:59,594 INFO 6576 [egg-security] use csrf middleware
2019-02-12 12:01:59,596 INFO 6576 [egg-security] use methodnoallow middleware
2019-02-12 12:01:59,597 INFO 6576 [egg-security] use noopen middleware
2019-02-12 12:01:59,599 INFO 6576 [egg-security] use nosniff middleware
2019-02-12 12:01:59,600 INFO 6576 [egg-security] use xssProtection middleware
2019-02-12 12:01:59,601 INFO 6576 [egg-security] use xframe middleware
2019-02-12 12:01:59,602 INFO 6576 [egg-security] use dta middleware
2019-02-12 12:01:59,602 INFO 6576 [egg-security] compose 7 middlewares into one security middleware
2019-02-12 12:01:59,616 INFO 6576 [egg:core] dump config after load, 7ms
2019-02-12 12:01:59,643 INFO 6576 [egg-watcher:application] watcher start success
2019-02-12 12:01:59,655 INFO 6576 [egg:core] dump config after ready, 7ms
2019-02-12 12:02:10,345 INFO 6368 [egg:logger] init all loggers with options: {"dir":"C:\\Users\\Administrator.USER-20161125ZU\\Desktop\\egg-example\\logs\\egg-example","encoding":"utf8","env":"local","level":"INFO","consoleLevel":"INFO","disableConsoleAfterReady":false,"outputJSON":false,"buffer":true,"appLogName":"egg-example-web.log","coreLogName":"egg-web.log","agentLogName":"egg-agent.log","errorLogName":"common-error.log","coreLogger":{"consoleLevel":"WARN"},"allowDebugAtProd":false,"type":"application"}
2019-02-12 12:02:10,394 INFO 6368 [egg-multipart] stream mode enable
2019-02-12 12:02:10,530 INFO 6368 [egg-static] starting static serve /public/ -> C:\Users\Administrator.USER-20161125ZU\Desktop\egg-example\app\public
2019-02-12 12:02:10,535 INFO 6368 [egg-security] use csrf middleware
2019-02-12 12:02:10,539 INFO 6368 [egg-security] use methodnoallow middleware
2019-02-12 12:02:10,540 INFO 6368 [egg-security] use noopen middleware
2019-02-12 12:02:10,542 INFO 6368 [egg-security] use nosniff middleware
2019-02-12 12:02:10,543 INFO 6368 [egg-security] use xssProtection middleware
2019-02-12 12:02:10,543 INFO 6368 [egg-security] use xframe middleware
2019-02-12 12:02:10,544 INFO 6368 [egg-security] use dta middleware
2019-02-12 12:02:10,544 INFO 6368 [egg-security] compose 7 middlewares into one security middleware
2019-02-12 12:02:10,562 INFO 6368 [egg:core] dump config after load, 8ms
2019-02-12 12:02:10,591 INFO 6368 [egg-watcher:application] watcher start success
2019-02-12 12:02:10,605 INFO 6368 [egg:core] dump config after ready, 9ms
2019-02-12 12:02:32,236 INFO 5820 [egg:logger] init all loggers with options: {"dir":"C:\\Users\\Administrator.USER-20161125ZU\\Desktop\\egg-example\\logs\\egg-example","encoding":"utf8","env":"local","level":"INFO","consoleLevel":"INFO","disableConsoleAfterReady":false,"outputJSON":false,"buffer":true,"appLogName":"egg-example-web.log","coreLogName":"egg-web.log","agentLogName":"egg-agent.log","errorLogName":"common-error.log","coreLogger":{"consoleLevel":"WARN"},"allowDebugAtProd":false,"type":"application"}
2019-02-12 12:02:32,291 INFO 5820 [egg-multipart] stream mode enable
2019-02-12 12:02:32,434 INFO 5820 [egg-static] starting static serve /public/ -> C:\Users\Administrator.USER-20161125ZU\Desktop\egg-example\app\public
2019-02-12 12:02:32,439 INFO 5820 [egg-security] use csrf middleware
2019-02-12 12:02:32,441 INFO 5820 [egg-security] use methodnoallow middleware
2019-02-12 12:02:32,442 INFO 5820 [egg-security] use noopen middleware
2019-02-12 12:02:32,444 INFO 5820 [egg-security] use nosniff middleware
2019-02-12 12:02:32,445 INFO 5820 [egg-security] use xssProtection middleware
2019-02-12 12:02:32,446 INFO 5820 [egg-security] use xframe middleware
2019-02-12 12:02:32,447 INFO 5820 [egg-security] use dta middleware
2019-02-12 12:02:32,447 INFO 5820 [egg-security] compose 7 middlewares into one security middleware
2019-02-12 12:02:32,461 INFO 5820 [egg:core] dump config after load, 6ms
2019-02-12 12:02:32,495 INFO 5820 [egg-watcher:application] watcher start success
2019-02-12 12:02:32,510 INFO 5820 [egg:core] dump config after ready, 10ms
2019-02-12 12:03:41,865 INFO 5856 [egg:logger] init all loggers with options: {"dir":"C:\\Users\\Administrator.USER-20161125ZU\\Desktop\\egg-example\\logs\\egg-example","encoding":"utf8","env":"local","level":"INFO","consoleLevel":"INFO","disableConsoleAfterReady":false,"outputJSON":false,"buffer":true,"appLogName":"egg-example-web.log","coreLogName":"egg-web.log","agentLogName":"egg-agent.log","errorLogName":"common-error.log","coreLogger":{"consoleLevel":"WARN"},"allowDebugAtProd":false,"type":"application"}
2019-02-12 12:03:41,921 INFO 5856 [egg-multipart] stream mode enable
2019-02-12 12:03:42,078 INFO 5856 [egg-static] starting static serve /public/ -> C:\Users\Administrator.USER-20161125ZU\Desktop\egg-example\app\public
2019-02-12 12:03:42,083 INFO 5856 [egg-security] use csrf middleware
2019-02-12 12:03:42,090 INFO 5856 [egg-security] use methodnoallow middleware
2019-02-12 12:03:42,091 INFO 5856 [egg-security] use noopen middleware
2019-02-12 12:03:42,093 INFO 5856 [egg-security] use nosniff middleware
2019-02-12 12:03:42,094 INFO 5856 [egg-security] use xssProtection middleware
2019-02-12 12:03:42,094 INFO 5856 [egg-security] use xframe middleware
2019-02-12 12:03:42,095 INFO 5856 [egg-security] use dta middleware
2019-02-12 12:03:42,095 INFO 5856 [egg-security] compose 7 middlewares into one security middleware
2019-02-12 12:03:42,113 INFO 5856 [egg:core] dump config after load, 9ms
2019-02-12 12:03:42,146 INFO 5856 [egg-watcher:application] watcher start success
2019-02-12 12:03:42,175 INFO 5856 [egg:core] dump config after ready, 25ms
2019-02-12 12:04:10,061 INFO 6436 [egg:logger] init all loggers with options: {"dir":"C:\\Users\\Administrator.USER-20161125ZU\\Desktop\\egg-example\\logs\\egg-example","encoding":"utf8","env":"local","level":"INFO","consoleLevel":"INFO","disableConsoleAfterReady":false,"outputJSON":false,"buffer":true,"appLogName":"egg-example-web.log","coreLogName":"egg-web.log","agentLogName":"egg-agent.log","errorLogName":"common-error.log","coreLogger":{"consoleLevel":"WARN"},"allowDebugAtProd":false,"type":"application"}
2019-02-12 12:04:10,135 INFO 6436 [egg-multipart] stream mode enable
2019-02-12 12:04:10,281 INFO 6436 [egg-static] starting static serve /public/ -> C:\Users\Administrator.USER-20161125ZU\Desktop\egg-example\app\public
2019-02-12 12:04:10,285 INFO 6436 [egg-security] use csrf middleware
2019-02-12 12:04:10,288 INFO 6436 [egg-security] use methodnoallow middleware
2019-02-12 12:04:10,288 INFO 6436 [egg-security] use noopen middleware
2019-02-12 12:04:10,290 INFO 6436 [egg-security] use nosniff middleware
2019-02-12 12:04:10,291 INFO 6436 [egg-security] use xssProtection middleware
2019-02-12 12:04:10,292 INFO 6436 [egg-security] use xframe middleware
2019-02-12 12:04:10,293 INFO 6436 [egg-security] use dta middleware
2019-02-12 12:04:10,293 INFO 6436 [egg-security] compose 7 middlewares into one security middleware
2019-02-12 12:04:10,308 INFO 6436 [egg:core] dump config after load, 7ms
2019-02-12 12:04:10,329 INFO 6436 [egg-watcher:application] watcher start success
2019-02-12 12:04:10,341 INFO 6436 [egg:core] dump config after ready, 8ms
2019-02-12 12:04:30,098 INFO 5592 [egg:logger] init all loggers with options: {"dir":"C:\\Users\\Administrator.USER-20161125ZU\\Desktop\\egg-example\\logs\\egg-example","encoding":"utf8","env":"local","level":"INFO","consoleLevel":"INFO","disableConsoleAfterReady":false,"outputJSON":false,"buffer":true,"appLogName":"egg-example-web.log","coreLogName":"egg-web.log","agentLogName":"egg-agent.log","errorLogName":"common-error.log","coreLogger":{"consoleLevel":"WARN"},"allowDebugAtProd":false,"type":"application"}
2019-02-12 12:04:30,163 INFO 5592 [egg-multipart] stream mode enable
2019-02-12 12:04:30,309 INFO 5592 [egg-static] starting static serve /public/ -> C:\Users\Administrator.USER-20161125ZU\Desktop\egg-example\app\public
2019-02-12 12:04:30,313 INFO 5592 [egg-security] use csrf middleware
2019-02-12 12:04:30,316 INFO 5592 [egg-security] use methodnoallow middleware
2019-02-12 12:04:30,317 INFO 5592 [egg-security] use noopen middleware
2019-02-12 12:04:30,319 INFO 5592 [egg-security] use nosniff middleware
2019-02-12 12:04:30,320 INFO 5592 [egg-security] use xssProtection middleware
2019-02-12 12:04:30,320 INFO 5592 [egg-security] use xframe middleware
2019-02-12 12:04:30,321 INFO 5592 [egg-security] use dta middleware
2019-02-12 12:04:30,321 INFO 5592 [egg-security] compose 7 middlewares into one security middleware
2019-02-12 12:04:30,338 INFO 5592 [egg:core] dump config after load, 8ms
2019-02-12 12:04:30,362 INFO 5592 [egg-watcher:application] watcher start success
2019-02-12 12:04:30,372 INFO 5592 [egg:core] dump config after ready, 7ms
2019-02-12 12:04:40,417 INFO 1188 [egg:logger] init all loggers with options: {"dir":"C:\\Users\\Administrator.USER-20161125ZU\\Desktop\\egg-example\\logs\\egg-example","encoding":"utf8","env":"local","level":"INFO","consoleLevel":"INFO","disableConsoleAfterReady":false,"outputJSON":false,"buffer":true,"appLogName":"egg-example-web.log","coreLogName":"egg-web.log","agentLogName":"egg-agent.log","errorLogName":"common-error.log","coreLogger":{"consoleLevel":"WARN"},"allowDebugAtProd":false,"type":"application"}
2019-02-12 12:04:40,495 INFO 1188 [egg-multipart] stream mode enable
2019-02-12 12:04:40,696 INFO 1188 [egg-static] starting static serve /public/ -> C:\Users\Administrator.USER-20161125ZU\Desktop\egg-example\app\public
2019-02-12 12:04:40,702 INFO 1188 [egg-security] use csrf middleware
2019-02-12 12:04:40,706 INFO 1188 [egg-security] use methodnoallow middleware
2019-02-12 12:04:40,707 INFO 1188 [egg-security] use noopen middleware
2019-02-12 12:04:40,709 INFO 1188 [egg-security] use nosniff middleware
2019-02-12 12:04:40,710 INFO 1188 [egg-security] use xssProtection middleware
2019-02-12 12:04:40,711 INFO 1188 [egg-security] use xframe middleware
2019-02-12 12:04:40,712 INFO 1188 [egg-security] use dta middleware
2019-02-12 12:04:40,712 INFO 1188 [egg-security] compose 7 middlewares into one security middleware
2019-02-12 12:04:40,728 INFO 1188 [egg:core] dump config after load, 7ms
2019-02-12 12:04:40,756 INFO 1188 [egg-watcher:application] watcher start success
2019-02-12 12:04:40,770 INFO 1188 [egg:core] dump config after ready, 11ms
2019-02-12 15:18:58,043 INFO 5476 [egg:logger] init all loggers with options: {"dir":"C:\\Users\\Administrator.USER-20161125ZU\\Desktop\\egg-example\\logs\\egg-example","encoding":"utf8","env":"local","level":"INFO","consoleLevel":"INFO","disableConsoleAfterReady":false,"outputJSON":false,"buffer":true,"appLogName":"egg-example-web.log","coreLogName":"egg-web.log","agentLogName":"egg-agent.log","errorLogName":"common-error.log","coreLogger":{"consoleLevel":"WARN"},"allowDebugAtProd":false,"type":"application"}
2019-02-12 15:18:58,104 INFO 5476 [egg-multipart] stream mode enable
2019-02-12 15:18:59,050 INFO 5476 [egg-static] starting static serve /public/ -> C:\Users\Administrator.USER-20161125ZU\Desktop\egg-example\app\public
2019-02-12 15:18:59,067 INFO 5476 [egg-security] use csrf middleware
2019-02-12 15:18:59,069 INFO 5476 [egg-security] use methodnoallow middleware
2019-02-12 15:18:59,070 INFO 5476 [egg-security] use noopen middleware
2019-02-12 15:18:59,072 INFO 5476 [egg-security] use nosniff middleware
2019-02-12 15:18:59,073 INFO 5476 [egg-security] use xssProtection middleware
2019-02-12 15:18:59,074 INFO 5476 [egg-security] use xframe middleware
2019-02-12 15:18:59,077 INFO 5476 [egg-security] use dta middleware
2019-02-12 15:18:59,077 INFO 5476 [egg-security] compose 7 middlewares into one security middleware
2019-02-12 15:18:59,093 INFO 5476 [egg:core] dump config after load, 8ms
2019-02-12 15:18:59,120 INFO 5476 [egg-watcher:application] watcher start success
2019-02-12 15:18:59,136 INFO 5476 [egg:core] dump config after ready, 10ms
2019-02-12 15:38:50,124 INFO 7880 [egg:logger] init all loggers with options: {"dir":"C:\\Users\\Administrator.USER-20161125ZU\\Desktop\\egg-example\\logs\\egg-example","encoding":"utf8","env":"local","level":"INFO","consoleLevel":"INFO","disableConsoleAfterReady":false,"outputJSON":false,"buffer":true,"appLogName":"egg-example-web.log","coreLogName":"egg-web.log","agentLogName":"egg-agent.log","errorLogName":"common-error.log","coreLogger":{"consoleLevel":"WARN"},"allowDebugAtProd":false,"type":"application"}
2019-02-12 15:38:50,179 INFO 7880 [egg-multipart] stream mode enable
2019-02-12 15:38:50,345 INFO 7880 [egg-static] starting static serve /public/ -> C:\Users\Administrator.USER-20161125ZU\Desktop\egg-example\app\public
2019-02-12 15:38:50,350 INFO 7880 [egg-security] use csrf middleware
2019-02-12 15:38:50,352 INFO 7880 [egg-security] use methodnoallow middleware
2019-02-12 15:38:50,353 INFO 7880 [egg-security] use noopen middleware
2019-02-12 15:38:50,357 INFO 7880 [egg-security] use nosniff middleware
2019-02-12 15:38:50,358 INFO 7880 [egg-security] use xssProtection middleware
2019-02-12 15:38:50,359 INFO 7880 [egg-security] use xframe middleware
2019-02-12 15:38:50,360 INFO 7880 [egg-security] use dta middleware
2019-02-12 15:38:50,360 INFO 7880 [egg-security] compose 7 middlewares into one security middleware
2019-02-12 15:38:50,377 INFO 7880 [egg:core] dump config after load, 8ms
2019-02-12 15:38:50,403 INFO 7880 [egg-watcher:application] watcher start success
2019-02-12 15:38:50,418 INFO 7880 [egg:core] dump config after ready, 8ms
2019-02-12 15:39:12,677 INFO 7880 [egg-view-nunjucks] loading templates from ["C:\\Users\\Administrator.USER-20161125ZU\\Desktop\\egg-example\\app\\view"]
2019-02-12 15:39:49,045 INFO 6004 [egg:logger] init all loggers with options: {"dir":"C:\\Users\\Administrator.USER-20161125ZU\\Desktop\\egg-example\\logs\\egg-example","encoding":"utf8","env":"local","level":"INFO","consoleLevel":"INFO","disableConsoleAfterReady":false,"outputJSON":false,"buffer":true,"appLogName":"egg-example-web.log","coreLogName":"egg-web.log","agentLogName":"egg-agent.log","errorLogName":"common-error.log","coreLogger":{"consoleLevel":"WARN"},"allowDebugAtProd":false,"type":"application"}
2019-02-12 15:39:49,092 INFO 6004 [egg-multipart] stream mode enable
2019-02-12 15:39:49,217 INFO 6004 [egg-static] starting static serve /public/ -> C:\Users\Administrator.USER-20161125ZU\Desktop\egg-example\app\public
2019-02-12 15:39:49,224 INFO 6004 [egg-security] use csrf middleware
2019-02-12 15:39:49,226 INFO 6004 [egg-security] use methodnoallow middleware
2019-02-12 15:39:49,226 INFO 6004 [egg-security] use noopen middleware
2019-02-12 15:39:49,229 INFO 6004 [egg-security] use nosniff middleware
2019-02-12 15:39:49,230 INFO 6004 [egg-security] use xssProtection middleware
2019-02-12 15:39:49,230 INFO 6004 [egg-security] use xframe middleware
2019-02-12 15:39:49,231 INFO 6004 [egg-security] use dta middleware
2019-02-12 15:39:49,231 INFO 6004 [egg-security] compose 7 middlewares into one security middleware
2019-02-12 15:39:49,245 INFO 6004 [egg:core] dump config after load, 7ms
2019-02-12 15:39:49,270 INFO 6004 [egg-watcher:application] watcher start success
2019-02-12 15:39:49,282 INFO 6004 [egg:core] dump config after ready, 6ms
2019-02-12 15:40:10,360 INFO 6200 [egg:logger] init all loggers with options: {"dir":"C:\\Users\\Administrator.USER-20161125ZU\\Desktop\\egg-example\\logs\\egg-example","encoding":"utf8","env":"local","level":"INFO","consoleLevel":"INFO","disableConsoleAfterReady":false,"outputJSON":false,"buffer":true,"appLogName":"egg-example-web.log","coreLogName":"egg-web.log","agentLogName":"egg-agent.log","errorLogName":"common-error.log","coreLogger":{"consoleLevel":"WARN"},"allowDebugAtProd":false,"type":"application"}
2019-02-12 15:40:10,409 INFO 6200 [egg-multipart] stream mode enable
2019-02-12 15:40:10,535 INFO 6200 [egg-static] starting static serve /public/ -> C:\Users\Administrator.USER-20161125ZU\Desktop\egg-example\app\public
2019-02-12 15:40:10,543 INFO 6200 [egg-security] use csrf middleware
2019-02-12 15:40:10,545 INFO 6200 [egg-security] use methodnoallow middleware
2019-02-12 15:40:10,546 INFO 6200 [egg-security] use noopen middleware
2019-02-12 15:40:10,548 INFO 6200 [egg-security] use nosniff middleware
2019-02-12 15:40:10,548 INFO 6200 [egg-security] use xssProtection middleware
2019-02-12 15:40:10,549 INFO 6200 [egg-security] use xframe middleware
2019-02-12 15:40:10,550 INFO 6200 [egg-security] use dta middleware
2019-02-12 15:40:10,550 INFO 6200 [egg-security] compose 7 middlewares into one security middleware
2019-02-12 15:40:10,565 INFO 6200 [egg:core] dump config after load, 7ms
2019-02-12 15:40:10,592 INFO 6200 [egg-watcher:application] watcher start success
2019-02-12 15:40:10,606 INFO 6200 [egg:core] dump config after ready, 11ms
2019-02-12 15:40:19,141 INFO 7776 [egg:logger] init all loggers with options: {"dir":"C:\\Users\\Administrator.USER-20161125ZU\\Desktop\\egg-example\\logs\\egg-example","encoding":"utf8","env":"local","level":"INFO","consoleLevel":"INFO","disableConsoleAfterReady":false,"outputJSON":false,"buffer":true,"appLogName":"egg-example-web.log","coreLogName":"egg-web.log","agentLogName":"egg-agent.log","errorLogName":"common-error.log","coreLogger":{"consoleLevel":"WARN"},"allowDebugAtProd":false,"type":"application"}
2019-02-12 15:40:19,190 INFO 7776 [egg-multipart] stream mode enable
2019-02-12 15:40:19,318 INFO 7776 [egg-static] starting static serve /public/ -> C:\Users\Administrator.USER-20161125ZU\Desktop\egg-example\app\public
2019-02-12 15:40:19,322 INFO 7776 [egg-security] use csrf middleware
2019-02-12 15:40:19,324 INFO 7776 [egg-security] use methodnoallow middleware
2019-02-12 15:40:19,325 INFO 7776 [egg-security] use noopen middleware
2019-02-12 15:40:19,327 INFO 7776 [egg-security] use nosniff middleware
2019-02-12 15:40:19,328 INFO 7776 [egg-security] use xssProtection middleware
2019-02-12 15:40:19,328 INFO 7776 [egg-security] use xframe middleware
2019-02-12 15:40:19,329 INFO 7776 [egg-security] use dta middleware
2019-02-12 15:40:19,329 INFO 7776 [egg-security] compose 7 middlewares into one security middleware
2019-02-12 15:40:19,343 INFO 7776 [egg:core] dump config after load, 7ms
2019-02-12 15:40:19,368 INFO 7776 [egg-watcher:application] watcher start success
2019-02-12 15:40:19,379 INFO 7776 [egg:core] dump config after ready, 6ms
2019-02-12 16:29:33,649 INFO 6424 [egg:logger] init all loggers with options: {"dir":"C:\\Users\\Administrator.USER-20161125ZU\\Desktop\\egg-example\\logs\\egg-example","encoding":"utf8","env":"local","level":"INFO","consoleLevel":"INFO","disableConsoleAfterReady":false,"outputJSON":false,"buffer":true,"appLogName":"egg-example-web.log","coreLogName":"egg-web.log","agentLogName":"egg-agent.log","errorLogName":"common-error.log","coreLogger":{"consoleLevel":"WARN"},"allowDebugAtProd":false,"type":"application"}
2019-02-12 16:29:33,699 INFO 6424 [egg-multipart] stream mode enable
2019-02-12 16:29:33,830 INFO 6424 [egg-static] starting static serve /public/ -> C:\Users\Administrator.USER-20161125ZU\Desktop\egg-example\app\public
2019-02-12 16:29:33,835 INFO 6424 [egg-security] use csrf middleware
2019-02-12 16:29:33,837 INFO 6424 [egg-security] use methodnoallow middleware
2019-02-12 16:29:33,837 INFO 6424 [egg-security] use noopen middleware
2019-02-12 16:29:33,839 INFO 6424 [egg-security] use nosniff middleware
2019-02-12 16:29:33,840 INFO 6424 [egg-security] use xssProtection middleware
2019-02-12 16:29:33,841 INFO 6424 [egg-security] use xframe middleware
2019-02-12 16:29:33,841 INFO 6424 [egg-security] use dta middleware
2019-02-12 16:29:33,841 INFO 6424 [egg-security] compose 7 middlewares into one security middleware
2019-02-12 16:29:33,856 INFO 6424 [egg:core] dump config after load, 7ms
2019-02-12 16:29:33,872 INFO 6424 [egg-watcher:application] watcher start success
2019-02-12 16:29:33,924 INFO 6424 [egg:core] dump config after ready, 50ms
2019-02-12 16:31:28,435 INFO 4072 [egg:logger] init all loggers with options: {"dir":"C:\\Users\\Administrator.USER-20161125ZU\\Desktop\\egg-example\\logs\\egg-example","encoding":"utf8","env":"local","level":"INFO","consoleLevel":"INFO","disableConsoleAfterReady":false,"outputJSON":false,"buffer":true,"appLogName":"egg-example-web.log","coreLogName":"egg-web.log","agentLogName":"egg-agent.log","errorLogName":"common-error.log","coreLogger":{"consoleLevel":"WARN"},"allowDebugAtProd":false,"type":"application"}
2019-02-12 16:31:28,481 INFO 4072 [egg-multipart] stream mode enable
2019-02-12 16:31:28,605 INFO 4072 [egg-static] starting static serve /public/ -> C:\Users\Administrator.USER-20161125ZU\Desktop\egg-example\app\public
2019-02-12 16:31:28,610 INFO 4072 [egg-security] use csrf middleware
2019-02-12 16:31:28,612 INFO 4072 [egg-security] use methodnoallow middleware
2019-02-12 16:31:28,612 INFO 4072 [egg-security] use noopen middleware
2019-02-12 16:31:28,614 INFO 4072 [egg-security] use nosniff middleware
2019-02-12 16:31:28,615 INFO 4072 [egg-security] use xssProtection middleware
2019-02-12 16:31:28,616 INFO 4072 [egg-security] use xframe middleware
2019-02-12 16:31:28,616 INFO 4072 [egg-security] use dta middleware
2019-02-12 16:31:28,616 INFO 4072 [egg-security] compose 7 middlewares into one security middleware
2019-02-12 16:31:28,631 INFO 4072 [egg:core] dump config after load, 7ms
2019-02-12 16:31:28,660 INFO 4072 [egg-watcher:application] watcher start success
2019-02-12 16:31:28,669 INFO 4072 [egg:core] dump config after ready, 7ms
2019-02-12 17:12:01,534 INFO 10144 [egg:logger] init all loggers with options: {"dir":"C:\\Users\\Administrator.USER-20161125ZU\\Desktop\\egg-example\\logs\\egg-example","encoding":"utf8","env":"local","level":"INFO","consoleLevel":"INFO","disableConsoleAfterReady":false,"outputJSON":false,"buffer":true,"appLogName":"egg-example-web.log","coreLogName":"egg-web.log","agentLogName":"egg-agent.log","errorLogName":"common-error.log","coreLogger":{"consoleLevel":"WARN"},"allowDebugAtProd":false,"type":"application"}
2019-02-12 17:12:01,615 INFO 10144 [egg-multipart] stream mode enable
2019-02-12 17:12:01,790 INFO 10144 [egg-static] starting static serve /public/ -> C:\Users\Administrator.USER-20161125ZU\Desktop\egg-example\app\public
2019-02-12 17:12:01,796 INFO 10144 [egg-security] use csrf middleware
2019-02-12 17:12:01,801 INFO 10144 [egg-security] use methodnoallow middleware
2019-02-12 17:12:01,802 INFO 10144 [egg-security] use noopen middleware
2019-02-12 17:12:01,805 INFO 10144 [egg-security] use nosniff middleware
2019-02-12 17:12:01,806 INFO 10144 [egg-security] use xssProtection middleware
2019-02-12 17:12:01,806 INFO 10144 [egg-security] use xframe middleware
2019-02-12 17:12:01,807 INFO 10144 [egg-security] use dta middleware
2019-02-12 17:12:01,807 INFO 10144 [egg-security] compose 7 middlewares into one security middleware
2019-02-12 17:12:01,827 INFO 10144 [egg:core] dump config after load, 10ms
2019-02-12 17:12:01,862 INFO 10144 [egg-watcher:application] watcher start success
2019-02-12 17:12:01,961 INFO 10144 [egg:core] dump config after ready, 92ms
2019-02-12 17:12:01,629 INFO 6976 [egg:logger] init all loggers with options: {"dir":"C:\\Users\\Administrator.USER-20161125ZU\\Desktop\\egg-example\\logs\\egg-example","encoding":"utf8","env":"local","level":"INFO","consoleLevel":"INFO","disableConsoleAfterReady":false,"outputJSON":false,"buffer":true,"appLogName":"egg-example-web.log","coreLogName":"egg-web.log","agentLogName":"egg-agent.log","errorLogName":"common-error.log","coreLogger":{"consoleLevel":"WARN"},"allowDebugAtProd":false,"type":"application"}
2019-02-12 17:12:01,700 INFO 6976 [egg-multipart] stream mode enable
2019-02-12 17:12:01,882 INFO 6976 [egg-static] starting static serve /public/ -> C:\Users\Administrator.USER-20161125ZU\Desktop\egg-example\app\public
2019-02-12 17:12:01,888 INFO 6976 [egg-security] use csrf middleware
2019-02-12 17:12:01,892 INFO 6976 [egg-security] use methodnoallow middleware
2019-02-12 17:12:01,894 INFO 6976 [egg-security] use noopen middleware
2019-02-12 17:12:01,899 INFO 6976 [egg-security] use nosniff middleware
2019-02-12 17:12:01,901 INFO 6976 [egg-security] use xssProtection middleware
2019-02-12 17:12:01,902 INFO 6976 [egg-security] use xframe middleware
2019-02-12 17:12:01,904 INFO 6976 [egg-security] use dta middleware
2019-02-12 17:12:01,904 INFO 6976 [egg-security] compose 7 middlewares into one security middleware
2019-02-12 17:12:01,964 INFO 6976 [egg:core] dump config after load, 47ms
2019-02-12 17:12:02,003 INFO 6976 [egg-watcher:application] watcher start success
2019-02-12 17:12:02,019 INFO 6976 [egg:core] dump config after ready, 12ms
2019-02-12 17:12:37,013 INFO 9864 [egg:logger] init all loggers with options: {"dir":"C:\\Users\\Administrator.USER-20161125ZU\\Desktop\\egg-example\\logs\\egg-example","encoding":"utf8","env":"local","level":"INFO","consoleLevel":"INFO","disableConsoleAfterReady":false,"outputJSON":false,"buffer":true,"appLogName":"egg-example-web.log","coreLogName":"egg-web.log","agentLogName":"egg-agent.log","errorLogName":"common-error.log","coreLogger":{"consoleLevel":"WARN"},"allowDebugAtProd":false,"type":"application"}
2019-02-12 17:12:37,095 INFO 9864 [egg-multipart] stream mode enable
2019-02-12 17:12:37,251 INFO 9864 [egg-static] starting static serve /public/ -> C:\Users\Administrator.USER-20161125ZU\Desktop\egg-example\app\public
2019-02-12 17:12:37,255 INFO 9864 [egg-security] use csrf middleware
2019-02-12 17:12:37,258 INFO 9864 [egg-security] use methodnoallow middleware
2019-02-12 17:12:37,259 INFO 9864 [egg-security] use noopen middleware
2019-02-12 17:12:37,261 INFO 9864 [egg-security] use nosniff middleware
2019-02-12 17:12:37,262 INFO 9864 [egg-security] use xssProtection middleware
2019-02-12 17:12:37,263 INFO 9864 [egg-security] use xframe middleware
2019-02-12 17:12:37,264 INFO 9864 [egg-security] use dta middleware
2019-02-12 17:12:37,264 INFO 9864 [egg-security] compose 7 middlewares into one security middleware
2019-02-12 17:12:37,294 INFO 9864 [egg:core] dump config after load, 15ms
2019-02-12 17:12:37,324 INFO 9864 [egg-watcher:application] watcher start success
2019-02-12 17:12:37,346 INFO 9864 [egg:core] dump config after ready, 15ms
2019-02-12 17:12:37,028 INFO 10092 [egg:logger] init all loggers with options: {"dir":"C:\\Users\\Administrator.USER-20161125ZU\\Desktop\\egg-example\\logs\\egg-example","encoding":"utf8","env":"local","level":"INFO","consoleLevel":"INFO","disableConsoleAfterReady":false,"outputJSON":false,"buffer":true,"appLogName":"egg-example-web.log","coreLogName":"egg-web.log","agentLogName":"egg-agent.log","errorLogName":"common-error.log","coreLogger":{"consoleLevel":"WARN"},"allowDebugAtProd":false,"type":"application"}
2019-02-12 17:12:37,109 INFO 10092 [egg-multipart] stream mode enable
2019-02-12 17:12:37,260 INFO 10092 [egg-static] starting static serve /public/ -> C:\Users\Administrator.USER-20161125ZU\Desktop\egg-example\app\public
2019-02-12 17:12:37,267 INFO 10092 [egg-security] use csrf middleware
2019-02-12 17:12:37,276 INFO 10092 [egg-security] use methodnoallow middleware
2019-02-12 17:12:37,278 INFO 10092 [egg-security] use noopen middleware
2019-02-12 17:12:37,281 INFO 10092 [egg-security] use nosniff middleware
2019-02-12 17:12:37,283 INFO 10092 [egg-security] use xssProtection middleware
2019-02-12 17:12:37,284 INFO 10092 [egg-security] use xframe middleware
2019-02-12 17:12:37,285 INFO 10092 [egg-security] use dta middleware
2019-02-12 17:12:37,285 INFO 10092 [egg-security] compose 7 middlewares into one security middleware
2019-02-12 17:12:37,326 INFO 10092 [egg:core] dump config after load, 18ms
2019-02-12 17:12:37,367 INFO 10092 [egg-watcher:application] watcher start success
2019-02-12 17:12:37,378 INFO 10092 [egg:core] dump config after ready, 7ms
2019-02-13 08:37:53,667 INFO 4964 [egg:logger] init all loggers with options: {"dir":"C:\\Users\\Administrator.USER-20161125ZU\\Desktop\\egg-example\\logs\\egg-example","encoding":"utf8","env":"local","level":"INFO","consoleLevel":"INFO","disableConsoleAfterReady":false,"outputJSON":false,"buffer":true,"appLogName":"egg-example-web.log","coreLogName":"egg-web.log","agentLogName":"egg-agent.log","errorLogName":"common-error.log","coreLogger":{"consoleLevel":"WARN"},"allowDebugAtProd":false,"type":"application"}
2019-02-13 08:37:53,728 INFO 4964 [egg-multipart] stream mode enable
2019-02-13 08:37:54,988 INFO 4964 [egg-static] starting static serve /public/ -> C:\Users\Administrator.USER-20161125ZU\Desktop\egg-example\app\public
2019-02-13 08:37:55,038 INFO 4964 [egg-security] use csrf middleware
2019-02-13 08:37:55,041 INFO 4964 [egg-security] use methodnoallow middleware
2019-02-13 08:37:55,041 INFO 4964 [egg-security] use noopen middleware
2019-02-13 08:37:55,043 INFO 4964 [egg-security] use nosniff middleware
2019-02-13 08:37:55,044 INFO 4964 [egg-security] use xssProtection middleware
2019-02-13 08:37:55,045 INFO 4964 [egg-security] use xframe middleware
2019-02-13 08:37:55,047 INFO 4964 [egg-security] use dta middleware
2019-02-13 08:37:55,047 INFO 4964 [egg-security] compose 7 middlewares into one security middleware
2019-02-13 08:37:55,061 INFO 4964 [egg:core] dump config after load, 6ms
2019-02-13 08:37:55,080 INFO 4964 [egg-watcher:application] watcher start success
2019-02-13 08:37:55,090 INFO 4964 [egg:core] dump config after ready, 6ms
2019-02-13 10:08:26,494 INFO 6720 [egg:logger] init all loggers with options: {"dir":"C:\\Users\\Administrator.USER-20161125ZU\\Desktop\\egg-example\\logs\\egg-example","encoding":"utf8","env":"local","level":"INFO","consoleLevel":"INFO","disableConsoleAfterReady":false,"outputJSON":false,"buffer":true,"appLogName":"egg-example-web.log","coreLogName":"egg-web.log","agentLogName":"egg-agent.log","errorLogName":"common-error.log","coreLogger":{"consoleLevel":"WARN"},"allowDebugAtProd":false,"type":"application"}
2019-02-13 10:08:26,547 INFO 6720 [egg-multipart] stream mode enable
2019-02-13 10:08:26,692 INFO 6720 [egg-static] starting static serve /public/ -> C:\Users\Administrator.USER-20161125ZU\Desktop\egg-example\app\public
2019-02-13 10:08:26,697 INFO 6720 [egg-security] use csrf middleware
2019-02-13 10:08:26,701 INFO 6720 [egg-security] use methodnoallow middleware
2019-02-13 10:08:26,702 INFO 6720 [egg-security] use noopen middleware
2019-02-13 10:08:26,704 INFO 6720 [egg-security] use nosniff middleware
2019-02-13 10:08:26,705 INFO 6720 [egg-security] use xssProtection middleware
2019-02-13 10:08:26,705 INFO 6720 [egg-security] use xframe middleware
2019-02-13 10:08:26,706 INFO 6720 [egg-security] use dta middleware
2019-02-13 10:08:26,706 INFO 6720 [egg-security] compose 7 middlewares into one security middleware
2019-02-13 10:08:26,721 INFO 6720 [egg:core] dump config after load, 8ms
2019-02-13 10:08:26,747 INFO 6720 [egg-watcher:application] watcher start success
2019-02-13 10:08:26,764 INFO 6720 [egg:core] dump config after ready, 13ms
2019-02-13 10:08:42,222 INFO 6236 [egg:logger] init all loggers with options: {"dir":"C:\\Users\\Administrator.USER-20161125ZU\\Desktop\\egg-example\\logs\\egg-example","encoding":"utf8","env":"local","level":"INFO","consoleLevel":"INFO","disableConsoleAfterReady":false,"outputJSON":false,"buffer":true,"appLogName":"egg-example-web.log","coreLogName":"egg-web.log","agentLogName":"egg-agent.log","errorLogName":"common-error.log","coreLogger":{"consoleLevel":"WARN"},"allowDebugAtProd":false,"type":"application"}
2019-02-13 10:08:42,298 INFO 6236 [egg-multipart] stream mode enable
2019-02-13 10:08:42,452 INFO 6236 [egg-static] starting static serve /public/ -> C:\Users\Administrator.USER-20161125ZU\Desktop\egg-example\app\public
2019-02-13 10:08:42,459 INFO 6236 [egg-security] use csrf middleware
2019-02-13 10:08:42,462 INFO 6236 [egg-security] use methodnoallow middleware
2019-02-13 10:08:42,463 INFO 6236 [egg-security] use noopen middleware
2019-02-13 10:08:42,464 INFO 6236 [egg-security] use nosniff middleware
2019-02-13 10:08:42,465 INFO 6236 [egg-security] use xssProtection middleware
2019-02-13 10:08:42,466 INFO 6236 [egg-security] use xframe middleware
2019-02-13 10:08:42,467 INFO 6236 [egg-security] use dta middleware
2019-02-13 10:08:42,467 INFO 6236 [egg-security] compose 7 middlewares into one security middleware
2019-02-13 10:08:42,483 INFO 6236 [egg:core] dump config after load, 8ms
2019-02-13 10:08:42,504 INFO 6236 [egg-watcher:application] watcher start success
2019-02-13 10:08:42,517 INFO 6236 [egg:core] dump config after ready, 7ms
2019-02-13 10:10:13,539 INFO 1484 [egg:logger] init all loggers with options: {"dir":"C:\\Users\\Administrator.USER-20161125ZU\\Desktop\\egg-example\\logs\\egg-example","encoding":"utf8","env":"local","level":"INFO","consoleLevel":"INFO","disableConsoleAfterReady":false,"outputJSON":false,"buffer":true,"appLogName":"egg-example-web.log","coreLogName":"egg-web.log","agentLogName":"egg-agent.log","errorLogName":"common-error.log","coreLogger":{"consoleLevel":"WARN"},"allowDebugAtProd":false,"type":"application"}
2019-02-13 10:10:13,588 INFO 1484 [egg-multipart] stream mode enable
2019-02-13 10:10:13,718 INFO 1484 [egg-static] starting static serve /public/ -> C:\Users\Administrator.USER-20161125ZU\Desktop\egg-example\app\public
2019-02-13 10:10:13,722 INFO 1484 [egg-security] use csrf middleware
2019-02-13 10:10:13,725 INFO 1484 [egg-security] use methodnoallow middleware
2019-02-13 10:10:13,725 INFO 1484 [egg-security] use noopen middleware
2019-02-13 10:10:13,727 INFO 1484 [egg-security] use nosniff middleware
2019-02-13 10:10:13,728 INFO 1484 [egg-security] use xssProtection middleware
2019-02-13 10:10:13,729 INFO 1484 [egg-security] use xframe middleware
2019-02-13 10:10:13,730 INFO 1484 [egg-security] use dta middleware
2019-02-13 10:10:13,730 INFO 1484 [egg-security] compose 7 middlewares into one security middleware
2019-02-13 10:10:13,747 INFO 1484 [egg:core] dump config after load, 9ms
2019-02-13 10:10:13,772 INFO 1484 [egg-watcher:application] watcher start success
2019-02-13 10:10:13,783 INFO 1484 [egg:core] dump config after ready, 7ms
2019-02-13 10:10:41,575 INFO 6288 [egg:logger] init all loggers with options: {"dir":"C:\\Users\\Administrator.USER-20161125ZU\\Desktop\\egg-example\\logs\\egg-example","encoding":"utf8","env":"local","level":"INFO","consoleLevel":"INFO","disableConsoleAfterReady":false,"outputJSON":false,"buffer":true,"appLogName":"egg-example-web.log","coreLogName":"egg-web.log","agentLogName":"egg-agent.log","errorLogName":"common-error.log","coreLogger":{"consoleLevel":"WARN"},"allowDebugAtProd":false,"type":"application"}
2019-02-13 10:10:41,624 INFO 6288 [egg-multipart] stream mode enable
2019-02-13 10:10:41,753 INFO 6288 [egg-static] starting static serve /public/ -> C:\Users\Administrator.USER-20161125ZU\Desktop\egg-example\app\public
2019-02-13 10:10:41,758 INFO 6288 [egg-security] use csrf middleware
2019-02-13 10:10:41,760 INFO 6288 [egg-security] use methodnoallow middleware
2019-02-13 10:10:41,761 INFO 6288 [egg-security] use noopen middleware
2019-02-13 10:10:41,763 INFO 6288 [egg-security] use nosniff middleware
2019-02-13 10:10:41,764 INFO 6288 [egg-security] use xssProtection middleware
2019-02-13 10:10:41,764 INFO 6288 [egg-security] use xframe middleware
2019-02-13 10:10:41,765 INFO 6288 [egg-security] use dta middleware
2019-02-13 10:10:41,765 INFO 6288 [egg-security] compose 7 middlewares into one security middleware
2019-02-13 10:10:41,780 INFO 6288 [egg:core] dump config after load, 8ms
2019-02-13 10:10:41,805 INFO 6288 [egg-watcher:application] watcher start success
2019-02-13 10:10:41,817 INFO 6288 [egg:core] dump config after ready, 7ms
2019-02-13 10:11:11,226 INFO 6240 [egg:logger] init all loggers with options: {"dir":"C:\\Users\\Administrator.USER-20161125ZU\\Desktop\\egg-example\\logs\\egg-example","encoding":"utf8","env":"local","level":"INFO","consoleLevel":"INFO","disableConsoleAfterReady":false,"outputJSON":false,"buffer":true,"appLogName":"egg-example-web.log","coreLogName":"egg-web.log","agentLogName":"egg-agent.log","errorLogName":"common-error.log","coreLogger":{"consoleLevel":"WARN"},"allowDebugAtProd":false,"type":"application"}
2019-02-13 10:11:11,275 INFO 6240 [egg-multipart] stream mode enable
2019-02-13 10:11:11,409 INFO 6240 [egg-static] starting static serve /public/ -> C:\Users\Administrator.USER-20161125ZU\Desktop\egg-example\app\public
2019-02-13 10:11:11,414 INFO 6240 [egg-security] use csrf middleware
2019-02-13 10:11:11,416 INFO 6240 [egg-security] use methodnoallow middleware
2019-02-13 10:11:11,417 INFO 6240 [egg-security] use noopen middleware
2019-02-13 10:11:11,419 INFO 6240 [egg-security] use nosniff middleware
2019-02-13 10:11:11,419 INFO 6240 [egg-security] use xssProtection middleware
2019-02-13 10:11:11,420 INFO 6240 [egg-security] use xframe middleware
2019-02-13 10:11:11,421 INFO 6240 [egg-security] use dta middleware
2019-02-13 10:11:11,421 INFO 6240 [egg-security] compose 7 middlewares into one security middleware
2019-02-13 10:11:11,437 INFO 6240 [egg:core] dump config after load, 7ms
2019-02-13 10:11:11,468 INFO 6240 [egg-watcher:application] watcher start success
2019-02-13 10:11:11,489 INFO 6240 [egg:core] dump config after ready, 16ms
2019-02-13 10:11:53,901 INFO 3860 [egg:logger] init all loggers with options: {"dir":"C:\\Users\\Administrator.USER-20161125ZU\\Desktop\\egg-example\\logs\\egg-example","encoding":"utf8","env":"local","level":"INFO","consoleLevel":"INFO","disableConsoleAfterReady":false,"outputJSON":false,"buffer":true,"appLogName":"egg-example-web.log","coreLogName":"egg-web.log","agentLogName":"egg-agent.log","errorLogName":"common-error.log","coreLogger":{"consoleLevel":"WARN"},"allowDebugAtProd":false,"type":"application"}
2019-02-13 10:11:53,949 INFO 3860 [egg-multipart] stream mode enable
2019-02-13 10:11:54,087 INFO 3860 [egg-static] starting static serve /public/ -> C:\Users\Administrator.USER-20161125ZU\Desktop\egg-example\app\public
2019-02-13 10:11:54,091 INFO 3860 [egg-security] use csrf middleware
2019-02-13 10:11:54,094 INFO 3860 [egg-security] use methodnoallow middleware
2019-02-13 10:11:54,094 INFO 3860 [egg-security] use noopen middleware
2019-02-13 10:11:54,096 INFO 3860 [egg-security] use nosniff middleware
2019-02-13 10:11:54,097 INFO 3860 [egg-security] use xssProtection middleware
2019-02-13 10:11:54,098 INFO 3860 [egg-security] use xframe middleware
2019-02-13 10:11:54,099 INFO 3860 [egg-security] use dta middleware
2019-02-13 10:11:54,099 INFO 3860 [egg-security] compose 7 middlewares into one security middleware
2019-02-13 10:11:54,114 INFO 3860 [egg:core] dump config after load, 7ms
2019-02-13 10:11:54,140 INFO 3860 [egg-watcher:application] watcher start success
2019-02-13 10:11:54,157 INFO 3860 [egg:core] dump config after ready, 12ms
2019-02-13 10:19:54,027 INFO 3860 [egg-view-nunjucks] loading templates from ["C:\\Users\\Administrator.USER-20161125ZU\\Desktop\\egg-example\\app\\view"]
2019-02-13 10:28:41,599 INFO 5640 [egg:logger] init all loggers with options: {"dir":"C:\\Users\\Administrator.USER-20161125ZU\\Desktop\\egg-example\\logs\\egg-example","encoding":"utf8","env":"local","level":"INFO","consoleLevel":"INFO","disableConsoleAfterReady":false,"outputJSON":false,"buffer":true,"appLogName":"egg-example-web.log","coreLogName":"egg-web.log","agentLogName":"egg-agent.log","errorLogName":"common-error.log","coreLogger":{"consoleLevel":"WARN"},"allowDebugAtProd":false,"type":"application"}
2019-02-13 10:28:41,647 INFO 5640 [egg-multipart] stream mode enable
2019-02-13 10:28:41,775 INFO 5640 [egg-static] starting static serve /public/ -> C:\Users\Administrator.USER-20161125ZU\Desktop\egg-example\app\public
2019-02-13 10:28:41,779 INFO 5640 [egg-security] use csrf middleware
2019-02-13 10:28:41,784 INFO 5640 [egg-security] use methodnoallow middleware
2019-02-13 10:28:41,785 INFO 5640 [egg-security] use noopen middleware
2019-02-13 10:28:41,786 INFO 5640 [egg-security] use nosniff middleware
2019-02-13 10:28:41,787 INFO 5640 [egg-security] use xssProtection middleware
2019-02-13 10:28:41,788 INFO 5640 [egg-security] use xframe middleware
2019-02-13 10:28:41,789 INFO 5640 [egg-security] use dta middleware
2019-02-13 10:28:41,789 INFO 5640 [egg-security] compose 7 middlewares into one security middleware
2019-02-13 10:28:41,805 INFO 5640 [egg:core] dump config after load, 7ms
2019-02-13 10:28:41,827 INFO 5640 [egg-watcher:application] watcher start success
2019-02-13 10:28:41,840 INFO 5640 [egg:core] dump config after ready, 6ms
2019-02-13 10:29:10,653 INFO 7008 [egg:logger] init all loggers with options: {"dir":"C:\\Users\\Administrator.USER-20161125ZU\\Desktop\\egg-example\\logs\\egg-example","encoding":"utf8","env":"local","level":"INFO","consoleLevel":"INFO","disableConsoleAfterReady":false,"outputJSON":false,"buffer":true,"appLogName":"egg-example-web.log","coreLogName":"egg-web.log","agentLogName":"egg-agent.log","errorLogName":"common-error.log","coreLogger":{"consoleLevel":"WARN"},"allowDebugAtProd":false,"type":"application"}
2019-02-13 10:29:10,703 INFO 7008 [egg-multipart] stream mode enable
2019-02-13 10:29:10,831 INFO 7008 [egg-static] starting static serve /public/ -> C:\Users\Administrator.USER-20161125ZU\Desktop\egg-example\app\public
2019-02-13 10:29:10,836 INFO 7008 [egg-security] use csrf middleware
2019-02-13 10:29:10,838 INFO 7008 [egg-security] use methodnoallow middleware
2019-02-13 10:29:10,839 INFO 7008 [egg-security] use noopen middleware
2019-02-13 10:29:10,840 INFO 7008 [egg-security] use nosniff middleware
2019-02-13 10:29:10,841 INFO 7008 [egg-security] use xssProtection middleware
2019-02-13 10:29:10,842 INFO 7008 [egg-security] use xframe middleware
2019-02-13 10:29:10,842 INFO 7008 [egg-security] use dta middleware
2019-02-13 10:29:10,843 INFO 7008 [egg-security] compose 7 middlewares into one security middleware
2019-02-13 10:29:10,859 INFO 7008 [egg:core] dump config after load, 7ms
2019-02-13 10:29:10,884 INFO 7008 [egg-watcher:application] watcher start success
2019-02-13 10:29:10,896 INFO 7008 [egg:core] dump config after ready, 7ms
2019-02-13 10:34:38,481 INFO 156 [egg:logger] init all loggers with options: {"dir":"C:\\Users\\Administrator.USER-20161125ZU\\Desktop\\egg-example\\logs\\egg-example","encoding":"utf8","env":"local","level":"INFO","consoleLevel":"INFO","disableConsoleAfterReady":false,"outputJSON":false,"buffer":true,"appLogName":"egg-example-web.log","coreLogName":"egg-web.log","agentLogName":"egg-agent.log","errorLogName":"common-error.log","coreLogger":{"consoleLevel":"WARN"},"allowDebugAtProd":false,"type":"application"}
2019-02-13 10:34:38,530 INFO 156 [egg-multipart] stream mode enable
2019-02-13 10:34:38,658 INFO 156 [egg-static] starting static serve /public/ -> C:\Users\Administrator.USER-20161125ZU\Desktop\egg-example\app\public
2019-02-13 10:34:38,663 INFO 156 [egg-security] use csrf middleware
2019-02-13 10:34:38,668 INFO 156 [egg-security] use methodnoallow middleware
2019-02-13 10:34:38,668 INFO 156 [egg-security] use noopen middleware
2019-02-13 10:34:38,670 INFO 156 [egg-security] use nosniff middleware
2019-02-13 10:34:38,671 INFO 156 [egg-security] use xssProtection middleware
2019-02-13 10:34:38,672 INFO 156 [egg-security] use xframe middleware
2019-02-13 10:34:38,672 INFO 156 [egg-security] use dta middleware
2019-02-13 10:34:38,672 INFO 156 [egg-security] compose 7 middlewares into one security middleware
2019-02-13 10:34:38,693 INFO 156 [egg:core] dump config after load, 7ms
2019-02-13 10:34:38,718 INFO 156 [egg-watcher:application] watcher start success
2019-02-13 10:34:38,728 INFO 156 [egg:core] dump config after ready, 7ms
2019-02-13 10:34:40,420 INFO 6728 [egg:logger] init all loggers with options: {"dir":"C:\\Users\\Administrator.USER-20161125ZU\\Desktop\\egg-example\\logs\\egg-example","encoding":"utf8","env":"local","level":"INFO","consoleLevel":"INFO","disableConsoleAfterReady":false,"outputJSON":false,"buffer":true,"appLogName":"egg-example-web.log","coreLogName":"egg-web.log","agentLogName":"egg-agent.log","errorLogName":"common-error.log","coreLogger":{"consoleLevel":"WARN"},"allowDebugAtProd":false,"type":"application"}
2019-02-13 10:34:40,468 INFO 6728 [egg-multipart] stream mode enable
2019-02-13 10:34:40,596 INFO 6728 [egg-static] starting static serve /public/ -> C:\Users\Administrator.USER-20161125ZU\Desktop\egg-example\app\public
2019-02-13 10:34:40,600 INFO 6728 [egg-security] use csrf middleware
2019-02-13 10:34:40,602 INFO 6728 [egg-security] use methodnoallow middleware
2019-02-13 10:34:40,603 INFO 6728 [egg-security] use noopen middleware
2019-02-13 10:34:40,605 INFO 6728 [egg-security] use nosniff middleware
2019-02-13 10:34:40,605 INFO 6728 [egg-security] use xssProtection middleware
2019-02-13 10:34:40,606 INFO 6728 [egg-security] use xframe middleware
2019-02-13 10:34:40,607 INFO 6728 [egg-security] use dta middleware
2019-02-13 10:34:40,607 INFO 6728 [egg-security] compose 7 middlewares into one security middleware
2019-02-13 10:34:40,628 INFO 6728 [egg:core] dump config after load, 7ms
2019-02-13 10:34:40,654 INFO 6728 [egg-watcher:application] watcher start success
2019-02-13 10:34:40,668 INFO 6728 [egg:core] dump config after ready, 10ms
2019-02-13 10:34:51,880 INFO 6800 [egg:logger] init all loggers with options: {"dir":"C:\\Users\\Administrator.USER-20161125ZU\\Desktop\\egg-example\\logs\\egg-example","encoding":"utf8","env":"local","level":"INFO","consoleLevel":"INFO","disableConsoleAfterReady":false,"outputJSON":false,"buffer":true,"appLogName":"egg-example-web.log","coreLogName":"egg-web.log","agentLogName":"egg-agent.log","errorLogName":"common-error.log","coreLogger":{"consoleLevel":"WARN"},"allowDebugAtProd":false,"type":"application"}
2019-02-13 10:34:51,928 INFO 6800 [egg-multipart] stream mode enable
2019-02-13 10:34:52,056 INFO 6800 [egg-static] starting static serve /public/ -> C:\Users\Administrator.USER-20161125ZU\Desktop\egg-example\app\public
2019-02-13 10:34:52,060 INFO 6800 [egg-security] use csrf middleware
2019-02-13 10:34:52,062 INFO 6800 [egg-security] use methodnoallow middleware
2019-02-13 10:34:52,063 INFO 6800 [egg-security] use noopen middleware
2019-02-13 10:34:52,065 INFO 6800 [egg-security] use nosniff middleware
2019-02-13 10:34:52,066 INFO 6800 [egg-security] use xssProtection middleware
2019-02-13 10:34:52,066 INFO 6800 [egg-security] use xframe middleware
2019-02-13 10:34:52,067 INFO 6800 [egg-security] use dta middleware
2019-02-13 10:34:52,067 INFO 6800 [egg-security] compose 7 middlewares into one security middleware
2019-02-13 10:34:52,088 INFO 6800 [egg:core] dump config after load, 7ms
2019-02-13 10:34:52,110 INFO 6800 [egg-watcher:application] watcher start success
2019-02-13 10:34:52,122 INFO 6800 [egg:core] dump config after ready, 8ms
2019-02-13 10:35:53,898 INFO 6248 [egg:logger] init all loggers with options: {"dir":"C:\\Users\\Administrator.USER-20161125ZU\\Desktop\\egg-example\\logs\\egg-example","encoding":"utf8","env":"local","level":"INFO","consoleLevel":"INFO","disableConsoleAfterReady":false,"outputJSON":false,"buffer":true,"appLogName":"egg-example-web.log","coreLogName":"egg-web.log","agentLogName":"egg-agent.log","errorLogName":"common-error.log","coreLogger":{"consoleLevel":"WARN"},"allowDebugAtProd":false,"type":"application"}
2019-02-13 10:35:53,948 INFO 6248 [egg-multipart] stream mode enable
2019-02-13 10:35:54,078 INFO 6248 [egg-static] starting static serve /public/ -> C:\Users\Administrator.USER-20161125ZU\Desktop\egg-example\app\public
2019-02-13 10:35:54,082 INFO 6248 [egg-security] use csrf middleware
2019-02-13 10:35:54,084 INFO 6248 [egg-security] use methodnoallow middleware
2019-02-13 10:35:54,087 INFO 6248 [egg-security] use noopen middleware
2019-02-13 10:35:54,089 INFO 6248 [egg-security] use nosniff middleware
2019-02-13 10:35:54,090 INFO 6248 [egg-security] use xssProtection middleware
2019-02-13 10:35:54,091 INFO 6248 [egg-security] use xframe middleware
2019-02-13 10:35:54,091 INFO 6248 [egg-security] use dta middleware
2019-02-13 10:35:54,092 INFO 6248 [egg-security] compose 7 middlewares into one security middleware
2019-02-13 10:35:54,112 INFO 6248 [egg:core] dump config after load, 7ms
2019-02-13 10:35:54,131 INFO 6248 [egg-watcher:application] watcher start success
2019-02-13 10:35:54,145 INFO 6248 [egg:core] dump config after ready, 8ms
2019-02-13 10:37:05,456 INFO 7164 [egg:logger] init all loggers with options: {"dir":"C:\\Users\\Administrator.USER-20161125ZU\\Desktop\\egg-example\\logs\\egg-example","encoding":"utf8","env":"local","level":"INFO","consoleLevel":"INFO","disableConsoleAfterReady":false,"outputJSON":false,"buffer":true,"appLogName":"egg-example-web.log","coreLogName":"egg-web.log","agentLogName":"egg-agent.log","errorLogName":"common-error.log","coreLogger":{"consoleLevel":"WARN"},"allowDebugAtProd":false,"type":"application"}
2019-02-13 10:37:05,506 INFO 7164 [egg-multipart] stream mode enable
2019-02-13 10:37:05,635 INFO 7164 [egg-static] starting static serve /public/ -> C:\Users\Administrator.USER-20161125ZU\Desktop\egg-example\app\public
2019-02-13 10:37:05,640 INFO 7164 [egg-security] use csrf middleware
2019-02-13 10:37:05,642 INFO 7164 [egg-security] use methodnoallow middleware
2019-02-13 10:37:05,643 INFO 7164 [egg-security] use noopen middleware
2019-02-13 10:37:05,644 INFO 7164 [egg-security] use nosniff middleware
2019-02-13 10:37:05,646 INFO 7164 [egg-security] use xssProtection middleware
2019-02-13 10:37:05,646 INFO 7164 [egg-security] use xframe middleware
2019-02-13 10:37:05,647 INFO 7164 [egg-security] use dta middleware
2019-02-13 10:37:05,647 INFO 7164 [egg-security] compose 7 middlewares into one security middleware
2019-02-13 10:37:05,671 INFO 7164 [egg:core] dump config after load, 9ms
2019-02-13 10:37:05,698 INFO 7164 [egg-watcher:application] watcher start success
2019-02-13 10:37:05,708 INFO 7164 [egg:core] dump config after ready, 7ms
2019-02-13 10:37:51,708 INFO 7156 [egg:logger] init all loggers with options: {"dir":"C:\\Users\\Administrator.USER-20161125ZU\\Desktop\\egg-example\\logs\\egg-example","encoding":"utf8","env":"local","level":"INFO","consoleLevel":"INFO","disableConsoleAfterReady":false,"outputJSON":false,"buffer":true,"appLogName":"egg-example-web.log","coreLogName":"egg-web.log","agentLogName":"egg-agent.log","errorLogName":"common-error.log","coreLogger":{"consoleLevel":"WARN"},"allowDebugAtProd":false,"type":"application"}
2019-02-13 10:37:51,772 INFO 7156 [egg-multipart] stream mode enable
2019-02-13 10:37:51,989 INFO 7156 [egg-static] starting static serve /public/ -> C:\Users\Administrator.USER-20161125ZU\Desktop\egg-example\app\public
2019-02-13 10:37:51,997 INFO 7156 [egg-security] use csrf middleware
2019-02-13 10:37:51,999 INFO 7156 [egg-security] use methodnoallow middleware
2019-02-13 10:37:52,001 INFO 7156 [egg-security] use noopen middleware
2019-02-13 10:37:52,006 INFO 7156 [egg-security] use nosniff middleware
2019-02-13 10:37:52,007 INFO 7156 [egg-security] use xssProtection middleware
2019-02-13 10:37:52,008 INFO 7156 [egg-security] use xframe middleware
2019-02-13 10:37:52,009 INFO 7156 [egg-security] use dta middleware
2019-02-13 10:37:52,009 INFO 7156 [egg-security] compose 7 middlewares into one security middleware
2019-02-13 10:37:52,033 INFO 7156 [egg:core] dump config after load, 8ms
2019-02-13 10:37:52,065 INFO 7156 [egg-watcher:application] watcher start success
2019-02-13 10:37:52,083 INFO 7156 [egg:core] dump config after ready, 10ms
2019-02-13 10:38:03,567 INFO 5044 [egg:logger] init all loggers with options: {"dir":"C:\\Users\\Administrator.USER-20161125ZU\\Desktop\\egg-example\\logs\\egg-example","encoding":"utf8","env":"local","level":"INFO","consoleLevel":"INFO","disableConsoleAfterReady":false,"outputJSON":false,"buffer":true,"appLogName":"egg-example-web.log","coreLogName":"egg-web.log","agentLogName":"egg-agent.log","errorLogName":"common-error.log","coreLogger":{"consoleLevel":"WARN"},"allowDebugAtProd":false,"type":"application"}
2019-02-13 10:38:03,618 INFO 5044 [egg-multipart] stream mode enable
2019-02-13 10:38:03,750 INFO 5044 [egg-static] starting static serve /public/ -> C:\Users\Administrator.USER-20161125ZU\Desktop\egg-example\app\public
2019-02-13 10:38:03,755 INFO 5044 [egg-security] use csrf middleware
2019-02-13 10:38:03,759 INFO 5044 [egg-security] use methodnoallow middleware
2019-02-13 10:38:03,760 INFO 5044 [egg-security] use noopen middleware
2019-02-13 10:38:03,761 INFO 5044 [egg-security] use nosniff middleware
2019-02-13 10:38:03,762 INFO 5044 [egg-security] use xssProtection middleware
2019-02-13 10:38:03,764 INFO 5044 [egg-security] use xframe middleware
2019-02-13 10:38:03,765 INFO 5044 [egg-security] use dta middleware
2019-02-13 10:38:03,765 INFO 5044 [egg-security] compose 7 middlewares into one security middleware
2019-02-13 10:38:03,787 INFO 5044 [egg:core] dump config after load, 8ms
2019-02-13 10:38:03,817 INFO 5044 [egg-watcher:application] watcher start success
2019-02-13 10:38:03,849 INFO 5044 [egg:core] dump config after ready, 28ms
2019-02-13 10:39:51,275 INFO 1804 [egg:logger] init all loggers with options: {"dir":"C:\\Users\\Administrator.USER-20161125ZU\\Desktop\\egg-example\\logs\\egg-example","encoding":"utf8","env":"local","level":"INFO","consoleLevel":"INFO","disableConsoleAfterReady":false,"outputJSON":false,"buffer":true,"appLogName":"egg-example-web.log","coreLogName":"egg-web.log","agentLogName":"egg-agent.log","errorLogName":"common-error.log","coreLogger":{"consoleLevel":"WARN"},"allowDebugAtProd":false,"type":"application"}
2019-02-13 10:39:51,323 INFO 1804 [egg-multipart] stream mode enable
2019-02-13 10:39:51,454 INFO 1804 [egg-static] starting static serve /public/ -> C:\Users\Administrator.USER-20161125ZU\Desktop\egg-example\app\public
2019-02-13 10:39:51,458 INFO 1804 [egg-security] use csrf middleware
2019-02-13 10:39:51,460 INFO 1804 [egg-security] use methodnoallow middleware
2019-02-13 10:39:51,461 INFO 1804 [egg-security] use noopen middleware
2019-02-13 10:39:51,463 INFO 1804 [egg-security] use nosniff middleware
2019-02-13 10:39:51,464 INFO 1804 [egg-security] use xssProtection middleware
2019-02-13 10:39:51,465 INFO 1804 [egg-security] use xframe middleware
2019-02-13 10:39:51,465 INFO 1804 [egg-security] use dta middleware
2019-02-13 10:39:51,465 INFO 1804 [egg-security] compose 7 middlewares into one security middleware
2019-02-13 10:39:51,489 INFO 1804 [egg:core] dump config after load, 7ms
2019-02-13 10:39:51,509 INFO 1804 [egg-watcher:application] watcher start success
2019-02-13 10:39:51,522 INFO 1804 [egg:core] dump config after ready, 8ms
2019-02-13 10:40:10,132 INFO 2164 [egg:logger] init all loggers with options: {"dir":"C:\\Users\\Administrator.USER-20161125ZU\\Desktop\\egg-example\\logs\\egg-example","encoding":"utf8","env":"local","level":"INFO","consoleLevel":"INFO","disableConsoleAfterReady":false,"outputJSON":false,"buffer":true,"appLogName":"egg-example-web.log","coreLogName":"egg-web.log","agentLogName":"egg-agent.log","errorLogName":"common-error.log","coreLogger":{"consoleLevel":"WARN"},"allowDebugAtProd":false,"type":"application"}
2019-02-13 10:40:10,187 INFO 2164 [egg-multipart] stream mode enable
2019-02-13 10:40:10,320 INFO 2164 [egg-static] starting static serve /public/ -> C:\Users\Administrator.USER-20161125ZU\Desktop\egg-example\app\public
2019-02-13 10:40:10,324 INFO 2164 [egg-security] use csrf middleware
2019-02-13 10:40:10,326 INFO 2164 [egg-security] use methodnoallow middleware
2019-02-13 10:40:10,327 INFO 2164 [egg-security] use noopen middleware
2019-02-13 10:40:10,329 INFO 2164 [egg-security] use nosniff middleware
2019-02-13 10:40:10,330 INFO 2164 [egg-security] use xssProtection middleware
2019-02-13 10:40:10,330 INFO 2164 [egg-security] use xframe middleware
2019-02-13 10:40:10,331 INFO 2164 [egg-security] use dta middleware
2019-02-13 10:40:10,331 INFO 2164 [egg-security] compose 7 middlewares into one security middleware
2019-02-13 10:40:10,351 INFO 2164 [egg:core] dump config after load, 7ms
2019-02-13 10:40:10,369 INFO 2164 [egg-watcher:application] watcher start success
2019-02-13 10:40:10,380 INFO 2164 [egg:core] dump config after ready, 7ms
2019-02-13 10:47:19,253 INFO 5868 [egg:logger] init all loggers with options: {"dir":"C:\\Users\\Administrator.USER-20161125ZU\\Desktop\\egg-example\\logs\\egg-example","encoding":"utf8","env":"local","level":"INFO","consoleLevel":"INFO","disableConsoleAfterReady":false,"outputJSON":false,"buffer":true,"appLogName":"egg-example-web.log","coreLogName":"egg-web.log","agentLogName":"egg-agent.log","errorLogName":"common-error.log","coreLogger":{"consoleLevel":"WARN"},"allowDebugAtProd":false,"type":"application"}
2019-02-13 10:47:19,305 INFO 5868 [egg-multipart] stream mode enable
2019-02-13 10:47:19,439 INFO 5868 [egg-static] starting static serve /public/ -> C:\Users\Administrator.USER-20161125ZU\Desktop\egg-example\app\public
2019-02-13 10:47:19,444 INFO 5868 [egg-security] use csrf middleware
2019-02-13 10:47:19,446 INFO 5868 [egg-security] use methodnoallow middleware
2019-02-13 10:47:19,447 INFO 5868 [egg-security] use noopen middleware
2019-02-13 10:47:19,449 INFO 5868 [egg-security] use nosniff middleware
2019-02-13 10:47:19,450 INFO 5868 [egg-security] use xssProtection middleware
2019-02-13 10:47:19,451 INFO 5868 [egg-security] use xframe middleware
2019-02-13 10:47:19,451 INFO 5868 [egg-security] use dta middleware
2019-02-13 10:47:19,451 INFO 5868 [egg-security] compose 7 middlewares into one security middleware
2019-02-13 10:47:19,473 INFO 5868 [egg:core] dump config after load, 8ms
2019-02-13 10:47:19,497 INFO 5868 [egg-watcher:application] watcher start success
2019-02-13 10:47:19,513 INFO 5868 [egg:core] dump config after ready, 12ms
2019-02-13 11:12:56,423 INFO 5072 [egg:logger] init all loggers with options: {"dir":"C:\\Users\\Administrator.USER-20161125ZU\\Desktop\\egg-example\\logs\\egg-example","encoding":"utf8","env":"local","level":"INFO","consoleLevel":"INFO","disableConsoleAfterReady":false,"outputJSON":false,"buffer":true,"appLogName":"egg-example-web.log","coreLogName":"egg-web.log","agentLogName":"egg-agent.log","errorLogName":"common-error.log","coreLogger":{"consoleLevel":"WARN"},"allowDebugAtProd":false,"type":"application"}
2019-02-13 11:12:56,472 INFO 5072 [egg-multipart] stream mode enable
2019-02-13 11:12:56,614 INFO 5072 [egg-static] starting static serve /public/ -> C:\Users\Administrator.USER-20161125ZU\Desktop\egg-example\app\public
2019-02-13 11:12:56,619 INFO 5072 [egg-security] use csrf middleware
2019-02-13 11:12:56,621 INFO 5072 [egg-security] use methodnoallow middleware
2019-02-13 11:12:56,622 INFO 5072 [egg-security] use noopen middleware
2019-02-13 11:12:56,624 INFO 5072 [egg-security] use nosniff middleware
2019-02-13 11:12:56,625 INFO 5072 [egg-security] use xssProtection middleware
2019-02-13 11:12:56,625 INFO 5072 [egg-security] use xframe middleware
2019-02-13 11:12:56,626 INFO 5072 [egg-security] use dta middleware
2019-02-13 11:12:56,626 INFO 5072 [egg-security] compose 7 middlewares into one security middleware
2019-02-13 11:12:56,649 INFO 5072 [egg:core] dump config after load, 8ms
2019-02-13 11:12:56,673 INFO 5072 [egg-watcher:application] watcher start success
2019-02-13 11:12:56,691 INFO 5072 [egg:core] dump config after ready, 13ms
2019-02-15 09:22:43,951 INFO 5548 [egg:logger] init all loggers with options: {"dir":"C:\\Users\\Administrator.USER-20161125ZU\\Desktop\\egg-example\\logs\\egg-example","encoding":"utf8","env":"local","level":"INFO","consoleLevel":"INFO","disableConsoleAfterReady":false,"outputJSON":false,"buffer":true,"appLogName":"egg-example-web.log","coreLogName":"egg-web.log","agentLogName":"egg-agent.log","errorLogName":"common-error.log","coreLogger":{"consoleLevel":"WARN"},"allowDebugAtProd":false,"type":"application"}
2019-02-15 09:22:43,999 INFO 5548 [egg-multipart] stream mode enable
2019-02-15 09:22:45,227 INFO 5548 [egg-static] starting static serve /public/ -> C:\Users\Administrator.USER-20161125ZU\Desktop\egg-example\app\public
2019-02-15 09:22:45,256 INFO 5548 [egg-security] use csrf middleware
2019-02-15 09:22:45,270 INFO 5548 [egg-security] use methodnoallow middleware
2019-02-15 09:22:45,271 INFO 5548 [egg-security] use noopen middleware
2019-02-15 09:22:45,273 INFO 5548 [egg-security] use nosniff middleware
2019-02-15 09:22:45,274 INFO 5548 [egg-security] use xssProtection middleware
2019-02-15 09:22:45,275 INFO 5548 [egg-security] use xframe middleware
2019-02-15 09:22:45,278 INFO 5548 [egg-security] use dta middleware
2019-02-15 09:22:45,278 INFO 5548 [egg-security] compose 7 middlewares into one security middleware
2019-02-15 09:22:45,299 INFO 5548 [egg:core] dump config after load, 6ms
2019-02-15 09:22:45,324 INFO 5548 [egg-watcher:application] watcher start success
2019-02-15 09:22:45,336 INFO 5548 [egg:core] dump config after ready, 8ms
2019-02-15 10:28:53,600 INFO 6900 [egg:logger] init all loggers with options: {"dir":"C:\\Users\\Administrator.USER-20161125ZU\\Desktop\\egg-example\\logs\\egg-example","encoding":"utf8","env":"local","level":"INFO","consoleLevel":"INFO","disableConsoleAfterReady":false,"outputJSON":false,"buffer":true,"appLogName":"egg-example-web.log","coreLogName":"egg-web.log","agentLogName":"egg-agent.log","errorLogName":"common-error.log","coreLogger":{"consoleLevel":"WARN"},"allowDebugAtProd":false,"type":"application"}
2019-02-15 10:28:53,665 INFO 6900 [egg-multipart] stream mode enable
2019-02-15 10:28:55,131 INFO 6900 [egg-static] starting static serve /public/ -> C:\Users\Administrator.USER-20161125ZU\Desktop\egg-example\app\public
2019-02-15 10:28:55,152 INFO 6900 [egg-security] use csrf middleware
2019-02-15 10:28:55,162 INFO 6900 [egg-security] use methodnoallow middleware
2019-02-15 10:28:55,173 INFO 6900 [egg-security] use noopen middleware
2019-02-15 10:28:55,175 INFO 6900 [egg-security] use nosniff middleware
2019-02-15 10:28:55,176 INFO 6900 [egg-security] use xssProtection middleware
2019-02-15 10:28:55,177 INFO 6900 [egg-security] use xframe middleware
2019-02-15 10:28:55,182 INFO 6900 [egg-security] use dta middleware
2019-02-15 10:28:55,182 INFO 6900 [egg-security] compose 7 middlewares into one security middleware
2019-02-15 10:28:55,207 INFO 6900 [egg:core] dump config after load, 7ms
2019-02-15 10:28:55,234 INFO 6900 [egg-watcher:application] watcher start success
2019-02-15 10:28:55,246 INFO 6900 [egg:core] dump config after ready, 9ms
